[31mvoid DBusMenuImporter::slotGetLayoutFinished(QDBusPendingCallWatcher*)[0m: "κ²½λ΅ /org/ayatana/bamf/window/25165855μ κ°μ²΄μ— 'com.canonical.dbusmenu' μΈν„°νμ΄μ¤κ°€ μ—†μµλ‹λ‹¤"
[31mvoid DBusMenuImporter::slotGetLayoutFinished(QDBusPendingCallWatcher*)[0m: "κ²½λ΅ /org/ayatana/bamf/window/44044632μ κ°μ²΄μ— 'com.canonical.dbusmenu' μΈν„°νμ΄μ¤κ°€ μ—†μµλ‹λ‹¤"
[31mvoid DBusMenuImporter::slotGetLayoutFinished(QDBusPendingCallWatcher*)[0m: "κ²½λ΅ /org/ayatana/bamf/window/25165843μ κ°μ²΄μ— 'com.canonical.dbusmenu' μΈν„°νμ΄μ¤κ°€ μ—†μµλ‹λ‹¤"
[31mvoid DBusMenuImporter::slotGetLayoutFinished(QDBusPendingCallWatcher*)[0m: "κ²½λ΅ /org/ayatana/bamf/window/25165843μ κ°μ²΄μ— 'com.canonical.dbusmenu' μΈν„°νμ΄μ¤κ°€ μ—†μµλ‹λ‹¤"
QCoreApplication::postEvent: Unexpected null receiver
[31mvoid DBusMenuImporter::slotGetLayoutFinished(QDBusPendingCallWatcher*)[0m: "κ²½λ΅ /org/ayatana/bamf/window/62914570μ κ°μ²΄μ— 'com.canonical.dbusmenu' μΈν„°νμ΄μ¤κ°€ μ—†μµλ‹λ‹¤"
[31mvoid DBusMenuImporter::slotGetLayoutFinished(QDBusPendingCallWatcher*)[0m: "κ²½λ΅ /org/ayatana/bamf/window/25165934μ κ°μ²΄μ— 'com.canonical.dbusmenu' μΈν„°νμ΄μ¤κ°€ μ—†μµλ‹λ‹¤"
[31mvoid DBusMenuImporter::slotGetLayoutFinished(QDBusPendingCallWatcher*)[0m: "κ²½λ΅ /org/ayatana/bamf/window/25165974μ κ°μ²΄μ— 'com.canonical.dbusmenu' μΈν„°νμ΄μ¤κ°€ μ—†μµλ‹λ‹¤"
[31mvoid DBusMenuImporter::slotGetLayoutFinished(QDBusPendingCallWatcher*)[0m: "κ²½λ΅ /org/ayatana/bamf/window/67108871μ κ°μ²΄μ— 'com.canonical.dbusmenu' μΈν„°νμ΄μ¤κ°€ μ—†μµλ‹λ‹¤"
[31mvoid DBusMenuImporter::slotGetLayoutFinished(QDBusPendingCallWatcher*)[0m: "κ²½λ΅ /org/ayatana/bamf/window/67108948μ κ°μ²΄μ— 'com.canonical.dbusmenu' μΈν„°νμ΄μ¤κ°€ μ—†μµλ‹λ‹¤"
[31mvoid DBusMenuImporter::slotGetLayoutFinished(QDBusPendingCallWatcher*)[0m: "κ²½λ΅ /org/ayatana/bamf/window/44047674μ κ°μ²΄μ— 'com.canonical.dbusmenu' μΈν„°νμ΄μ¤κ°€ μ—†μµλ‹λ‹¤"
[31mvoid DBusMenuImporter::slotGetLayoutFinished(QDBusPendingCallWatcher*)[0m: "κ²½λ΅ /org/ayatana/bamf/window/25166005μ κ°μ²΄μ— 'com.canonical.dbusmenu' μΈν„°νμ΄μ¤κ°€ μ—†μµλ‹λ‹¤"
[31mvoid DBusMenuImporter::slotGetLayoutFinished(QDBusPendingCallWatcher*)[0m: "κ²½λ΅ /org/ayatana/bamf/window/44052135μ κ°μ²΄μ— 'com.canonical.dbusmenu' μΈν„°νμ΄μ¤κ°€ μ—†μµλ‹λ‹¤"
[31mvoid DBusMenuImporter::slotGetLayoutFinished(QDBusPendingCallWatcher*)[0m: "κ²½λ΅ /org/ayatana/bamf/window/69206023μ κ°μ²΄μ— 'com.canonical.dbusmenu' μΈν„°νμ΄μ¤κ°€ μ—†μµλ‹λ‹¤"
[31mvoid DBusMenuImporter::slotGetLayoutFinished(QDBusPendingCallWatcher*)[0m: "κ²½λ΅ /org/ayatana/bamf/window/69206102μ κ°μ²΄μ— 'com.canonical.dbusmenu' μΈν„°νμ΄μ¤κ°€ μ—†μµλ‹λ‹¤"
[31mvoid DBusMenuImporter::slotGetLayoutFinished(QDBusPendingCallWatcher*)[0m: "κ²½λ΅ /org/ayatana/bamf/window/71303300μ κ°μ²΄μ— 'com.canonical.dbusmenu' μΈν„°νμ΄μ¤κ°€ μ—†μµλ‹λ‹¤"
[31mvoid DBusMenuImporter::slotGetLayoutFinished(QDBusPendingCallWatcher*)[0m: "κ²½λ΅ /org/ayatana/bamf/window/69206102μ κ°μ²΄μ— 'com.canonical.dbusmenu' μΈν„°νμ΄μ¤κ°€ μ—†μµλ‹λ‹¤"
[31mvoid DBusMenuImporter::slotGetLayoutFinished(QDBusPendingCallWatcher*)[0m: "κ²½λ΅ /org/ayatana/bamf/window/69213296μ κ°μ²΄μ— 'com.canonical.dbusmenu' μΈν„°νμ΄μ¤κ°€ μ—†μµλ‹λ‹¤"
[31mvoid DBusMenuImporter::slotGetLayoutFinished(QDBusPendingCallWatcher*)[0m: "κ²½λ΅ /org/ayatana/bamf/window/69214578μ κ°μ²΄μ— 'com.canonical.dbusmenu' μΈν„°νμ΄μ¤κ°€ μ—†μµλ‹λ‹¤"
[31mvoid DBusMenuImporter::slotGetLayoutFinished(QDBusPendingCallWatcher*)[0m: "κ²½λ΅ /org/ayatana/bamf/window/35651953μ κ°μ²΄μ— 'com.canonical.dbusmenu' μΈν„°νμ΄μ¤κ°€ μ—†μµλ‹λ‹¤"
[31mvoid DBusMenuImporter::slotGetLayoutFinished(QDBusPendingCallWatcher*)[0m: "κ²½λ΅ /org/ayatana/bamf/window/44061606μ κ°μ²΄μ— 'com.canonical.dbusmenu' μΈν„°νμ΄μ¤κ°€ μ—†μµλ‹λ‹¤"
[31mvoid DBusMenuImporter::slotGetLayoutFinished(QDBusPendingCallWatcher*)[0m: "κ²½λ΅ /org/ayatana/bamf/window/44063251μ κ°μ²΄μ— 'com.canonical.dbusmenu' μΈν„°νμ΄μ¤κ°€ μ—†μµλ‹λ‹¤"
[31mvoid DBusMenuImporter::slotGetLayoutFinished(QDBusPendingCallWatcher*)[0m: "κ²½λ΅ /org/ayatana/bamf/window/25165855μ κ°μ²΄μ— 'com.canonical.dbusmenu' μΈν„°νμ΄μ¤κ°€ μ—†μµλ‹λ‹¤"
[31mvoid DBusMenuImporter::slotGetLayoutFinished(QDBusPendingCallWatcher*)[0m: "κ²½λ΅ /org/ayatana/bamf/window/65011731μ κ°μ²΄μ— 'com.canonical.dbusmenu' μΈν„°νμ΄μ¤κ°€ μ—†μµλ‹λ‹¤"
[31mvoid DBusMenuImporter::slotGetLayoutFinished(QDBusPendingCallWatcher*)[0m: "κ²½λ΅ /org/ayatana/bamf/window/25165956μ κ°μ²΄μ— 'com.canonical.dbusmenu' μΈν„°νμ΄μ¤κ°€ μ—†μµλ‹λ‹¤"
[31mvoid DBusMenuImporter::slotGetLayoutFinished(QDBusPendingCallWatcher*)[0m: "κ²½λ΅ /org/ayatana/bamf/window/62914570μ κ°μ²΄μ— 'com.canonical.dbusmenu' μΈν„°νμ΄μ¤κ°€ μ—†μµλ‹λ‹¤"
[31mvoid DBusMenuImporter::slotGetLayoutFinished(QDBusPendingCallWatcher*)[0m: "κ²½λ΅ /org/ayatana/bamf/window/44063855μ κ°μ²΄μ— 'com.canonical.dbusmenu' μΈν„°νμ΄μ¤κ°€ μ—†μµλ‹λ‹¤"
[31mvoid DBusMenuImporter::slotGetLayoutFinished(QDBusPendingCallWatcher*)[0m: "κ²½λ΅ /org/ayatana/bamf/window/25165956μ κ°μ²΄μ— 'com.canonical.dbusmenu' μΈν„°νμ΄μ¤κ°€ μ—†μµλ‹λ‹¤"
[31mvoid DBusMenuImporter::slotGetLayoutFinished(QDBusPendingCallWatcher*)[0m: "κ²½λ΅ /org/ayatana/bamf/window/65011743μ κ°μ²΄μ— 'com.canonical.dbusmenu' μΈν„°νμ΄μ¤κ°€ μ—†μµλ‹λ‹¤"
[31mvoid DBusMenuImporter::slotGetLayoutFinished(QDBusPendingCallWatcher*)[0m: "κ²½λ΅ /org/ayatana/bamf/window/44065170μ κ°μ²΄μ— 'com.canonical.dbusmenu' μΈν„°νμ΄μ¤κ°€ μ—†μµλ‹λ‹¤"
[31mvoid DBusMenuImporter::slotAboutToShowDBusCallFinished(QDBusPendingCallWatcher*)[0m: Call to AboutToShow() failed: "κ²½λ΅ /org/ayatana/bamf/window/62914570μ κ°μ²΄μ— 'com.canonical.dbusmenu' μΈν„°νμ΄μ¤κ°€ μ—†μµλ‹λ‹¤"
[31mbool DBusMenuImporterPrivate::waitForWatcher(QDBusPendingCallWatcher*, int)[0m: "κ²½λ΅ /org/ayatana/bamf/window/62914570μ κ°μ²΄μ— 'com.canonical.dbusmenu' μΈν„°νμ΄μ¤κ°€ μ—†μµλ‹λ‹¤"
[31mvoid DBusMenuImporter::slotMenuAboutToShow()[0m: Application did not answer to AboutToShow() before timeout
[31mvoid DBusMenuImporter::slotAboutToShowDBusCallFinished(QDBusPendingCallWatcher*)[0m: Call to AboutToShow() failed: "The ID supplied 2093 does not refer to a menu item we have"
[31mbool DBusMenuImporterPrivate::waitForWatcher(QDBusPendingCallWatcher*, int)[0m: "The ID supplied 2093 does not refer to a menu item we have"
[31mvoid DBusMenuImporter::slotMenuAboutToShow()[0m: Application did not answer to AboutToShow() before timeout
[31mvoid DBusMenuImporter::slotGetLayoutFinished(QDBusPendingCallWatcher*)[0m: "κ²½λ΅ /org/ayatana/bamf/window/44070855μ κ°μ²΄μ— 'com.canonical.dbusmenu' μΈν„°νμ΄μ¤κ°€ μ—†μµλ‹λ‹¤"
[31mvoid DBusMenuImporter::slotGetLayoutFinished(QDBusPendingCallWatcher*)[0m: "κ²½λ΅ /org/ayatana/bamf/window/25190343μ κ°μ²΄μ— 'com.canonical.dbusmenu' μΈν„°νμ΄μ¤κ°€ μ—†μµλ‹λ‹¤"
