
(unity-panel-service:2746): Indicator-Appmenu-CRITICAL **: menus_destroyed: assertion 'IS_WINDOW_MENU(wm)' failed

(unity-panel-service:2746): Indicator-Appmenu-CRITICAL **: menus_destroyed: assertion 'IS_WINDOW_MENU(wm)' failed

(unity-panel-service:2746): Indicator-Appmenu-CRITICAL **: window_menu_model_new: assertion 'BAMF_IS_APPLICATION(app)' failed

(unity-panel-service:2746): Indicator-Appmenu-CRITICAL **: track_menus: assertion 'IS_WINDOW_MENU(menus)' failed

(unity-panel-service:2746): Indicator-Appmenu-WARNING **: Already have a menu for window ID 25165855 with path /com/canonical/menu/180001F from :1.101, unregistering that one

(unity-panel-service:2746): Indicator-Appmenu-CRITICAL **: window_menu_model_new: assertion 'BAMF_IS_APPLICATION(app)' failed

(unity-panel-service:2746): Indicator-Appmenu-CRITICAL **: track_menus: assertion 'IS_WINDOW_MENU(menus)' failed

(unity-panel-service:2746): Indicator-Appmenu-CRITICAL **: window_menu_model_new: assertion 'BAMF_IS_APPLICATION(app)' failed

(unity-panel-service:2746): Indicator-Appmenu-CRITICAL **: track_menus: assertion 'IS_WINDOW_MENU(menus)' failed

(unity-panel-service:2746): Indicator-Appmenu-CRITICAL **: window_menu_model_new: assertion 'BAMF_IS_APPLICATION(app)' failed

(unity-panel-service:2746): Indicator-Appmenu-CRITICAL **: track_menus: assertion 'IS_WINDOW_MENU(menus)' failed

(unity-panel-service:2746): Indicator-Appmenu-CRITICAL **: menus_destroyed: assertion 'IS_WINDOW_MENU(wm)' failed

(unity-panel-service:2746): Indicator-Appmenu-CRITICAL **: window_menu_model_new: assertion 'BAMF_IS_APPLICATION(app)' failed

(unity-panel-service:2746): Indicator-Appmenu-CRITICAL **: track_menus: assertion 'IS_WINDOW_MENU(menus)' failed

(unity-panel-service:2746): Indicator-Appmenu-CRITICAL **: menus_destroyed: assertion 'IS_WINDOW_MENU(wm)' failed

(unity-panel-service:2746): Indicator-Appmenu-CRITICAL **: window_menu_model_new: assertion 'BAMF_IS_APPLICATION(app)' failed

(unity-panel-service:2746): Indicator-Appmenu-CRITICAL **: track_menus: assertion 'IS_WINDOW_MENU(menus)' failed

(unity-panel-service:2746): Indicator-Appmenu-CRITICAL **: window_menu_model_new: assertion 'BAMF_IS_APPLICATION(app)' failed

(unity-panel-service:2746): Indicator-Appmenu-CRITICAL **: track_menus: assertion 'IS_WINDOW_MENU(menus)' failed

(unity-panel-service:2746): Indicator-Appmenu-CRITICAL **: window_menu_model_new: assertion 'BAMF_IS_APPLICATION(app)' failed

(unity-panel-service:2746): Indicator-Appmenu-CRITICAL **: track_menus: assertion 'IS_WINDOW_MENU(menus)' failed

(unity-panel-service:2746): Indicator-Appmenu-WARNING **: Already have a menu for window ID 25165855 with path /com/canonical/menu/180001F from :1.108, unregistering that one

(unity-panel-service:2746): Indicator-Appmenu-CRITICAL **: window_menu_model_new: assertion 'BAMF_IS_APPLICATION(app)' failed

(unity-panel-service:2746): Indicator-Appmenu-CRITICAL **: track_menus: assertion 'IS_WINDOW_MENU(menus)' failed

(unity-panel-service:2746): Indicator-Appmenu-CRITICAL **: window_menu_model_new: assertion 'BAMF_IS_APPLICATION(app)' failed

(unity-panel-service:2746): Indicator-Appmenu-CRITICAL **: track_menus: assertion 'IS_WINDOW_MENU(menus)' failed

(unity-panel-service:2746): Indicator-Appmenu-CRITICAL **: window_menu_model_new: assertion 'BAMF_IS_APPLICATION(app)' failed

(unity-panel-service:2746): Indicator-Appmenu-CRITICAL **: track_menus: assertion 'IS_WINDOW_MENU(menus)' failed

(unity-panel-service:2746): Indicator-Appmenu-CRITICAL **: window_menu_model_new: assertion 'BAMF_IS_APPLICATION(app)' failed

(unity-panel-service:2746): Indicator-Appmenu-CRITICAL **: track_menus: assertion 'IS_WINDOW_MENU(menus)' failed

(unity-panel-service:2746): Indicator-Appmenu-CRITICAL **: window_menu_model_new: assertion 'BAMF_IS_APPLICATION(app)' failed

(unity-panel-service:2746): Indicator-Appmenu-CRITICAL **: track_menus: assertion 'IS_WINDOW_MENU(menus)' failed

(unity-panel-service:2746): Indicator-Appmenu-WARNING **: Already have a menu for window ID 25165855 with path /com/canonical/menu/180001F from :1.121, unregistering that one

(unity-panel-service:2746): Indicator-Appmenu-CRITICAL **: window_menu_model_new: assertion 'BAMF_IS_APPLICATION(app)' failed

(unity-panel-service:2746): Indicator-Appmenu-CRITICAL **: track_menus: assertion 'IS_WINDOW_MENU(menus)' failed

(unity-panel-service:2746): Indicator-Appmenu-CRITICAL **: window_menu_model_new: assertion 'BAMF_IS_APPLICATION(app)' failed

(unity-panel-service:2746): Indicator-Appmenu-CRITICAL **: track_menus: assertion 'IS_WINDOW_MENU(menus)' failed

(unity-panel-service:2746): Indicator-Appmenu-CRITICAL **: window_menu_model_new: assertion 'BAMF_IS_APPLICATION(app)' failed

(unity-panel-service:2746): Indicator-Appmenu-CRITICAL **: track_menus: assertion 'IS_WINDOW_MENU(menus)' failed

(unity-panel-service:2746): Indicator-Appmenu-CRITICAL **: window_menu_model_new: assertion 'BAMF_IS_APPLICATION(app)' failed

(unity-panel-service:2746): Indicator-Appmenu-CRITICAL **: track_menus: assertion 'IS_WINDOW_MENU(menus)' failed

(unity-panel-service:2746): Indicator-Appmenu-CRITICAL **: window_menu_model_new: assertion 'BAMF_IS_APPLICATION(app)' failed

(unity-panel-service:2746): Indicator-Appmenu-CRITICAL **: track_menus: assertion 'IS_WINDOW_MENU(menus)' failed

(unity-panel-service:2746): Indicator-Appmenu-CRITICAL **: menus_destroyed: assertion 'IS_WINDOW_MENU(wm)' failed

(unity-panel-service:2746): Indicator-Appmenu-CRITICAL **: window_menu_model_new: assertion 'BAMF_IS_APPLICATION(app)' failed

(unity-panel-service:2746): Indicator-Appmenu-CRITICAL **: track_menus: assertion 'IS_WINDOW_MENU(menus)' failed

(unity-panel-service:2746): Indicator-Appmenu-CRITICAL **: menus_destroyed: assertion 'IS_WINDOW_MENU(wm)' failed

(unity-panel-service:2746): Indicator-Appmenu-CRITICAL **: window_menu_model_new: assertion 'BAMF_IS_APPLICATION(app)' failed

(unity-panel-service:2746): Indicator-Appmenu-CRITICAL **: track_menus: assertion 'IS_WINDOW_MENU(menus)' failed

(unity-panel-service:2746): Indicator-Appmenu-WARNING **: Already have a menu for window ID 65011743 with path /com/canonical/menu/3E0001F from :1.134, unregistering that one
